0 info it worked if it ends with ok
1 verbose cli [ 'node', '/usr/local/bin/npm', 'install', '-g', 'browser-sync' ]
2 info using npm@2.10.1
3 info using node@v0.12.4
4 verbose install initial load of /usr/local/lib/package.json
5 verbose readDependencies loading dependencies from /usr/local/lib/package.json
6 silly cache add args [ 'browser-sync', null ]
7 verbose cache add spec browser-sync
8 silly cache add parsed spec { raw: 'browser-sync',
8 silly cache add   scope: null,
8 silly cache add   name: 'browser-sync',
8 silly cache add   rawSpec: '',
8 silly cache add   spec: '*',
8 silly cache add   type: 'range' }
9 silly addNamed browser-sync@*
10 verbose addNamed "*" is a valid semver range for browser-sync
11 silly addNameRange { name: 'browser-sync', range: '*', hasData: false }
12 silly mapToRegistry name browser-sync
13 silly mapToRegistry using default registry
14 silly mapToRegistry registry https://registry.npmjs.org/
15 silly mapToRegistry uri https://registry.npmjs.org/browser-sync
16 verbose addNameRange registry:https://registry.npmjs.org/browser-sync not in flight; fetching
17 verbose request uri https://registry.npmjs.org/browser-sync
18 verbose request no auth needed
19 info attempt registry request try #1 at 10:22:34 AM
20 verbose request id bdfefc716900f854
21 verbose etag "20UBPYU2UQ683GOURK4ZLLJ5M"
22 http request GET https://registry.npmjs.org/browser-sync
23 info retry will retry, error on last attempt: Error: connect ETIMEDOUT
24 info attempt registry request try #2 at 10:24:00 AM
25 verbose etag "20UBPYU2UQ683GOURK4ZLLJ5M"
26 http request GET https://registry.npmjs.org/browser-sync
27 http 200 https://registry.npmjs.org/browser-sync
28 silly get cb [ 200,
28 silly get   { server: 'CouchDB/1.5.0 (Erlang OTP/R16B03)',
28 silly get     etag: '"7VOMJAL6ZNDXDM07ZDHUDE5GW"',
28 silly get     'content-type': 'application/json',
28 silly get     'cache-control': 'max-age=60',
28 silly get     'content-length': '362681',
28 silly get     'accept-ranges': 'bytes',
28 silly get     date: 'Wed, 17 Jun 2015 14:24:00 GMT',
28 silly get     via: '1.1 varnish',
28 silly get     age: '1',
28 silly get     connection: 'keep-alive',
28 silly get     'x-served-by': 'cache-iad2121-IAD',
28 silly get     'x-cache': 'HIT',
28 silly get     'x-cache-hits': '1',
28 silly get     'x-timer': 'S1434551040.900797,VS0,VE3',
28 silly get     vary: 'Accept' } ]
29 verbose get saving browser-sync to /Users/rpmdeveloper/.npm/registry.npmjs.org/browser-sync/.cache.json
30 silly addNameRange number 2 { name: 'browser-sync', range: '*', hasData: true }
31 silly addNameRange versions [ 'browser-sync',
31 silly addNameRange   [ '0.1.0',
31 silly addNameRange     '0.1.1',
31 silly addNameRange     '0.1.3',
31 silly addNameRange     '0.1.5',
31 silly addNameRange     '0.1.6',
31 silly addNameRange     '0.1.7',
31 silly addNameRange     '0.1.8',
31 silly addNameRange     '0.1.9',
31 silly addNameRange     '0.1.10',
31 silly addNameRange     '0.2.0',
31 silly addNameRange     '0.2.1',
31 silly addNameRange     '0.3.0',
31 silly addNameRange     '0.3.1',
31 silly addNameRange     '0.3.2',
31 silly addNameRange     '0.3.3',
31 silly addNameRange     '0.3.4',
31 silly addNameRange     '0.3.5',
31 silly addNameRange     '0.3.6',
31 silly addNameRange     '0.3.7',
31 silly addNameRange     '0.3.8',
31 silly addNameRange     '0.3.10',
31 silly addNameRange     '0.4.0',
31 silly addNameRange     '0.4.1',
31 silly addNameRange     '0.4.2',
31 silly addNameRange     '0.4.21',
31 silly addNameRange     '0.4.3',
31 silly addNameRange     '0.4.4',
31 silly addNameRange     '0.4.5',
31 silly addNameRange     '0.4.6',
31 silly addNameRange     '0.4.7',
31 silly addNameRange     '0.4.8',
31 silly addNameRange     '0.4.9',
31 silly addNameRange     '0.4.10',
31 silly addNameRange     '0.4.11',
31 silly addNameRange     '0.4.12',
31 silly addNameRange     '0.5.0',
31 silly addNameRange     '0.5.1',
31 silly addNameRange     '0.5.2',
31 silly addNameRange     '0.5.3',
31 silly addNameRange     '0.5.4',
31 silly addNameRange     '0.5.5',
31 silly addNameRange     '0.5.6',
31 silly addNameRange     '0.5.7',
31 silly addNameRange     '0.5.8',
31 silly addNameRange     '0.5.9',
31 silly addNameRange     '0.6.0',
31 silly addNameRange     '0.6.1',
31 silly addNameRange     '0.6.2',
31 silly addNameRange     '0.7.0',
31 silly addNameRange     '0.7.1',
31 silly addNameRange     '0.7.2',
31 silly addNameRange     '0.7.3',
31 silly addNameRange     '0.7.4',
31 silly addNameRange     '0.7.5',
31 silly addNameRange     '0.7.7',
31 silly addNameRange     '0.8.0',
31 silly addNameRange     '0.8.1',
31 silly addNameRange     '0.8.2',
31 silly addNameRange     '0.9.0',
31 silly addNameRange     '0.9.1',
31 silly addNameRange     '1.0.0',
31 silly addNameRange     '1.1.0',
31 silly addNameRange     '1.1.1',
31 silly addNameRange     '1.1.2',
31 silly addNameRange     '1.2.0',
31 silly addNameRange     '1.2.1',
31 silly addNameRange     '1.3.0',
31 silly addNameRange     '1.3.2',
31 silly addNameRange     '1.3.3',
31 silly addNameRange     '1.3.4',
31 silly addNameRange     '1.3.5',
31 silly addNameRange     '1.3.6',
31 silly addNameRange     '1.3.7',
31 silly addNameRange     '1.5.0',
31 silly addNameRange     '1.5.1',
31 silly addNameRange     '1.5.2',
31 silly addNameRange     '1.5.3',
31 silly addNameRange     '1.5.4',
31 silly addNameRange     '1.5.5',
31 silly addNameRange     '1.5.6',
31 silly addNameRange     '1.5.7',
31 silly addNameRange     '1.5.8',
31 silly addNameRange     '1.5.9',
31 silly addNameRange     '1.6.0',
31 silly addNameRange     '1.6.1',
31 silly addNameRange     '1.6.2',
31 silly addNameRange     '1.6.3',
31 silly addNameRange     '1.6.4',
31 silly addNameRange     '1.6.5',
31 silly addNameRange     '1.7.0',
31 silly addNameRange     '1.7.1',
31 silly addNameRange     '1.7.2',
31 silly addNameRange     '1.7.3',
31 silly addNameRange     '1.8.0',
31 silly addNameRange     '1.8.1',
31 silly addNameRange     '1.8.2',
31 silly addNameRange     '1.8.3',
31 silly addNameRange     '1.9.0',
31 silly addNameRange     '1.9.1',
31 silly addNameRange     '2.0.0-rc1',
31 silly addNameRange     '2.0.0-rc2',
31 silly addNameRange     '2.0.0-rc3',
31 silly addNameRange     '2.0.0-rc4',
31 silly addNameRange     '2.0.0-rc5',
31 silly addNameRange     '2.0.0-rc6',
31 silly addNameRange     '2.0.0-rc7',
31 silly addNameRange     '2.0.0-rc8',
31 silly addNameRange     '2.0.0-rc9',
31 silly addNameRange     '2.0.0-rc10',
31 silly addNameRange     '2.0.0',
31 silly addNameRange     '2.0.1',
31 silly addNameRange     '2.1.0',
31 silly addNameRange     '2.1.1',
31 silly addNameRange     '2.1.2',
31 silly addNameRange     '2.1.3',
31 silly addNameRange     '2.1.4',
31 silly addNameRange     '2.1.6',
31 silly addNameRange     '2.2.0',
31 silly addNameRange     '2.2.1',
31 silly addNameRange     '2.2.2',
31 silly addNameRange     '2.2.3',
31 silly addNameRange     '2.2.4',
31 silly addNameRange     '2.2.5',
31 silly addNameRange     '2.3.0',
31 silly addNameRange     '2.3.1',
31 silly addNameRange     '2.3.2',
31 silly addNameRange     '2.4.0',
31 silly addNameRange     '2.4.1',
31 silly addNameRange     '2.5.0',
31 silly addNameRange     '2.5.1',
31 silly addNameRange     '2.5.2',
31 silly addNameRange     '2.5.3',
31 silly addNameRange     '2.6.0',
31 silly addNameRange     '2.6.1',
31 silly addNameRange     '2.6.2',
31 silly addNameRange     '2.6.3',
31 silly addNameRange     '2.6.4',
31 silly addNameRange     '2.6.5',
31 silly addNameRange     '2.6.6',
31 silly addNameRange     '1.9.2',
31 silly addNameRange     '2.6.7',
31 silly addNameRange     '2.6.8',
31 silly addNameRange     '2.6.9',
31 silly addNameRange     '2.6.10',
31 silly addNameRange     '2.6.11',
31 silly addNameRange     '2.7.0',
31 silly addNameRange     '2.7.1',
31 silly addNameRange     '2.7.2',
31 silly addNameRange     '2.7.3',
31 silly addNameRange     '2.7.4',
31 silly addNameRange     '2.7.5',
31 silly addNameRange     '2.7.6',
31 silly addNameRange     '2.7.7',
31 silly addNameRange     '2.7.8',
31 silly addNameRange     '2.7.9',
31 silly addNameRange     '2.7.10',
31 silly addNameRange     '2.7.11',
31 silly addNameRange     '2.7.12' ] ]
32 silly addNamed browser-sync@2.7.12
33 verbose addNamed "2.7.12" is a plain semver version for browser-sync
34 silly mapToRegistry name browser-sync
35 silly mapToRegistry using default registry
36 silly mapToRegistry registry https://registry.npmjs.org/
37 silly mapToRegistry uri https://registry.npmjs.org/browser-sync
38 verbose addRemoteTarball https://registry.npmjs.org/browser-sync/-/browser-sync-2.7.12.tgz not in flight; adding
39 verbose addRemoteTarball [ 'https://registry.npmjs.org/browser-sync/-/browser-sync-2.7.12.tgz',
39 verbose addRemoteTarball   'a7ab309f636f6c549b24edac6ab10678fd5c6a46' ]
40 info retry fetch attempt 1 at 10:24:01 AM
41 info attempt registry request try #1 at 10:24:01 AM
42 http fetch GET https://registry.npmjs.org/browser-sync/-/browser-sync-2.7.12.tgz
43 http fetch 200 https://registry.npmjs.org/browser-sync/-/browser-sync-2.7.12.tgz
44 silly fetchAndShaCheck shasum a7ab309f636f6c549b24edac6ab10678fd5c6a46
45 verbose addTmpTarball /var/folders/lr/7d655tkx465044yxz_s1l_sw0000gq/T/npm-69612-c78f2ae0/registry.npmjs.org/browser-sync/-/browser-sync-2.7.12.tgz not in flight; adding
46 verbose addTmpTarball already have metadata; skipping unpack for browser-sync@2.7.12
47 verbose stack Error: EACCES, mkdir '/Users/rpmdeveloper/.npm/browser-sync/2.7.12'
47 verbose stack     at Error (native)
48 verbose cwd /Applications/MAMP/htdocs/childsavers/wp-content/themes/html5blank
49 error Darwin 14.3.0
50 error argv "node" "/usr/local/bin/npm" "install" "-g" "browser-sync"
51 error node v0.12.4
52 error npm  v2.10.1
53 error path /Users/rpmdeveloper/.npm/browser-sync/2.7.12
54 error code EACCES
55 error errno -13
56 error Error: EACCES, mkdir '/Users/rpmdeveloper/.npm/browser-sync/2.7.12'
56 error     at Error (native)
56 error  { [Error: EACCES, mkdir '/Users/rpmdeveloper/.npm/browser-sync/2.7.12']
56 error   errno: -13,
56 error   code: 'EACCES',
56 error   path: '/Users/rpmdeveloper/.npm/browser-sync/2.7.12' }
57 error Please try running this command again as root/Administrator.
58 verbose exit [ -13, true ]
